<?xml version="1.0" encoding="UTF-8"?>
<testng-results skipped="0" failed="0" ignored="0" total="1" passed="1">
  <reporter-output>
  </reporter-output>
  <suite name="Default suite" duration-ms="45943" started-at="2017-08-06T08:02:05Z" finished-at="2017-08-06T08:02:51Z">
    <groups>
    </groups>
    <test name="Default test" duration-ms="45943" started-at="2017-08-06T08:02:05Z" finished-at="2017-08-06T08:02:51Z">
      <class name="healthdirect.SearchTest">
        <test-method status="PASS" signature="setup()[pri:0, instance:healthdirect.SearchTest@26be92ad]" name="setup" is-config="true" duration-ms="33524" started-at="2017-08-06T18:02:05Z" finished-at="2017-08-06T18:02:38Z">
          <reporter-output>
          </reporter-output>
        </test-method> <!-- setup -->
        <test-method status="PASS" signature="VerifySearch()[pri:0, instance:healthdirect.SearchTest@26be92ad]" name="VerifySearch" duration-ms="11641" started-at="2017-08-06T18:02:38Z" finished-at="2017-08-06T18:02:50Z">
          <reporter-output>
          </reporter-output>
        </test-method> <!-- VerifySearch -->
        <test-method status="PASS" signature="close()[pri:0, instance:healthdirect.SearchTest@26be92ad]" name="close" is-config="true" duration-ms="726" started-at="2017-08-06T18:02:50Z" finished-at="2017-08-06T18:02:51Z">
          <reporter-output>
          </reporter-output>
        </test-method> <!-- close -->
      </class> <!-- healthdirect.SearchTest -->
    </test> <!-- Default test -->
  </suite> <!-- Default suite -->
</testng-results>
